#
# There is insufficient memory for the Java Runtime Environment to continue.
# Native memory allocation (malloc) failed to allocate 32744 bytes for ChunkPool::allocate
# Possible reasons:
#   The system is out of physical RAM or swap space
#   In 32 bit mode, the process size limit was hit
# Possible solutions:
#   Reduce memory load on the system
#   Increase physical memory or swap space
#   Check if swap backing store is full
#   Use 64 bit Java on a 64 bit OS
#   Decrease Java heap size (-Xmx/-Xms)
#   Decrease number of Java threads
#   Decrease Java thread stack sizes (-Xss)
#   Set larger code cache with -XX:ReservedCodeCacheSize=
# This output file may be truncated or incomplete.
#
#  Out of Memory Error (allocation.cpp:273), pid=9784, tid=0x000000000000244c
#
# JRE version: OpenJDK Runtime Environment (8.0_152-b02) (build 1.8.0_152-release-1024-b02)
# Java VM: OpenJDK 64-Bit Server VM (25.152-b02 mixed mode windows-amd64 compressed oops)
# Failed to write core dump. Minidumps are not enabled by default on client versions of Windows
#

---------------  T H R E A D  ---------------

Current thread (0x0000000017033000):  JavaThread "C2 CompilerThread0" daemon [_thread_in_native, id=9292, stack(0x0000000018070000,0x0000000018170000)]

Stack: [0x0000000018070000,0x0000000018170000]
[error occurred during error reporting (printing stack bounds), id 0xc0000005]

Native frames: (J=compiled Java code, j=interpreted, Vv=VM code, C=native code)


Current CompileTask:
C2:  21247 1373   !   4       java.net.URLClassLoader$1::run (63 bytes)


---------------  P R O C E S S  ---------------

Java Threads: ( => current thread )
  0x0000000018a22800 JavaThread "File lock request listener" [_thread_in_native, id=940, stack(0x000000001c390000,0x000000001c490000)]
  0x00000000189b1800 JavaThread "Cache worker for file hash cache (C:\Users\ghaya\.gradle\caches\4.4\fileHashes)" [_thread_blocked, id=4384, stack(0x000000001c290000,0x000000001c390000)]
  0x000000001958e800 JavaThread "Stdin handler" [_thread_blocked, id=4700, stack(0x000000001afc0000,0x000000001b0c0000)]
  0x0000000019490800 JavaThread "Asynchronous log dispatcher for DefaultDaemonConnection: socket connection from /127.0.0.1:62714 to /127.0.0.1:62715" [_thread_blocked, id=7312, stack(0x000000001aec0000,0x000000001afc0000)]
  0x000000001948e800 JavaThread "Daemon worker" [_thread_blocked, id=10744, stack(0x000000001adc0000,0x000000001aec0000)]
  0x000000001948c800 JavaThread "Cancel handler" [_thread_blocked, id=11120, stack(0x000000001acc0000,0x000000001adc0000)]
  0x00000000170a9000 JavaThread "Handler for socket connection from /127.0.0.1:62714 to /127.0.0.1:62715" [_thread_in_native, id=2188, stack(0x000000001a9c0000,0x000000001aac0000)]
  0x00000000184fd800 JavaThread "Daemon" [_thread_blocked, id=3320, stack(0x000000001a8c0000,0x000000001a9c0000)]
  0x0000000018c5d000 JavaThread "Daemon periodic checks" [_thread_blocked, id=11208, stack(0x000000001a7c0000,0x000000001a8c0000)]
  0x00000000189ed000 JavaThread "Incoming local TCP Connector on port 62714" [_thread_in_native, id=11008, stack(0x000000001a580000,0x000000001a680000)]
  0x000000001703e000 JavaThread "Service Thread" daemon [_thread_blocked, id=6592, stack(0x0000000018270000,0x0000000018370000)]
  0x0000000017035800 JavaThread "C1 CompilerThread1" daemon [_thread_blocked, id=3768, stack(0x0000000018170000,0x0000000018270000)]
=>0x0000000017033000 JavaThread "C2 CompilerThread0" daemon [_thread_in_native, id=9292, stack(0x0000000018070000,0x0000000018170000)]
  0x0000000017042000 JavaThread "Attach Listener" daemon [_thread_blocked, id=7120, stack(0x0000000017f70000,0x0000000018070000)]
  0x000000001703f000 JavaThread "Signal Dispatcher" daemon [_thread_blocked, id=6316, stack(0x0000000017e70000,0x0000000017f70000)]
  0x000000001701f800 JavaThread "Finalizer" daemon [_thread_blocked, id=4148, stack(0x0000000017c80000,0x0000000017d80000)]
  0x0000000016ff4000 JavaThread "Reference Handler" daemon [_thread_blocked, id=8872, stack(0x0000000017b80000,0x0000000017c80000)]
  0x0000000004aad800 JavaThread "main" [_thread_blocked, id=6840, stack(0x0000000004940000,0x0000000004a40000)]

Other Threads:
  0x0000000016fec800 VMThread [stack: 0x0000000017a80000,0x0000000017b80000] [id=4224]
  0x00000000170ac800 WatcherThread [stack: 0x0000000018370000,0x0000000018470000] [id=8148]

VM state:not at safepoint (normal execution)

VM Mutex/Monitor currently owned by a thread: None

Heap:
 PSYoungGen      total 18944K, used 16812K [0x00000000eab00000, 0x00000000ec500000, 0x0000000100000000)
  eden space 16384K, 87% used [0x00000000eab00000,0x00000000eb8f3268,0x00000000ebb00000)
  from space 2560K, 98% used [0x00000000ebb00000,0x00000000ebd78040,0x00000000ebd80000)
  to   space 5120K, 0% used [0x00000000ec000000,0x00000000ec000000,0x00000000ec500000)
 ParOldGen       total 44032K, used 4803K [0x00000000c0000000, 0x00000000c2b00000, 0x00000000eab00000)
  object space 44032K, 10% used [0x00000000c0000000,0x00000000c04b0e28,0x00000000c2b00000)
 Metaspace       used 14279K, capacity 14570K, committed 14720K, reserved 1062912K
  class space    used 1983K, capacity 2123K, committed 2176K, reserved 1048576K

Card table byte_map: [0x0000000013f70000,0x0000000014180000] byte_map_base: 0x0000000013970000

Marking Bits: (ParMarkBitMap*) 0x0000000058f74970
 Begin Bits: [0x00000000144e0000, 0x00000000154e0000)
 End Bits:   [0x00000000154e0000, 0x00000000164e0000)

Polling page: 0x0000000003080000

CodeCache: size=245760Kb used=4538Kb max_used=4724Kb free=241221Kb
 bounds [0x0000000004bb0000, 0x0000000005060000, 0x0000000013bb0000]
 total_blobs=1665 nmethods=1298 adapters=281
 compilation: enabled

Compilation events (10 events):
Event: 20.814 Thread 0x0000000017035800 1382       3       java.lang.reflect.Constructor::<init> (50 bytes)
Event: 20.814 Thread 0x0000000017035800 nmethod 1382 0x0000000004cfc0d0 code [0x0000000004cfc240, 0x0000000004cfc550]
Event: 20.856 Thread 0x0000000017035800 1383       1       org.gradle.internal.service.DefaultServiceRegistry::access$1400 (5 bytes)
Event: 20.857 Thread 0x0000000017035800 nmethod 1383 0x0000000004d92f10 code [0x0000000004d93060, 0x0000000004d93150]
Event: 20.857 Thread 0x0000000017035800 1384       3       org.gradle.internal.service.DefaultServiceRegistry::assertValidServiceType (35 bytes)
Event: 20.857 Thread 0x0000000017035800 nmethod 1384 0x0000000004cfadd0 code [0x0000000004cfaf80, 0x0000000004cfb578]
Event: 21.016 Thread 0x0000000017035800 1385       3       java.lang.Long::valueOf (36 bytes)
Event: 21.017 Thread 0x0000000017035800 nmethod 1385 0x0000000004d8ded0 code [0x0000000004d8e040, 0x0000000004d8e3b0]
Event: 21.021 Thread 0x0000000017035800 1386       3       java.lang.reflect.Field::copy (76 bytes)
Event: 21.022 Thread 0x0000000017035800 nmethod 1386 0x0000000004cd3610 code [0x0000000004cd37a0, 0x0000000004cd3af8]

GC Heap History (10 events):
Event: 4.389 GC heap before
{Heap before GC invocations=1 (full 0):
 PSYoungGen      total 18944K, used 16384K [0x00000000eab00000, 0x00000000ec000000, 0x0000000100000000)
  eden space 16384K, 100% used [0x00000000eab00000,0x00000000ebb00000,0x00000000ebb00000)
  from space 2560K, 0% used [0x00000000ebd80000,0x00000000ebd80000,0x00000000ec000000)
  to   space 2560K, 0% used [0x00000000ebb00000,0x00000000ebb00000,0x00000000ebd80000)
 ParOldGen       total 44032K, used 0K [0x00000000c0000000, 0x00000000c2b00000, 0x00000000eab00000)
  object space 44032K, 0% used [0x00000000c0000000,0x00000000c0000000,0x00000000c2b00000)
 Metaspace       used 6064K, capacity 6242K, committed 6528K, reserved 1056768K
  class space    used 740K, capacity 811K, committed 896K, reserved 1048576K
Event: 4.396 GC heap after
Heap after GC invocations=1 (full 0):
 PSYoungGen      total 18944K, used 2551K [0x00000000eab00000, 0x00000000ec000000, 0x0000000100000000)
  eden space 16384K, 0% used [0x00000000eab00000,0x00000000eab00000,0x00000000ebb00000)
  from space 2560K, 99% used [0x00000000ebb00000,0x00000000ebd7dda0,0x00000000ebd80000)
  to   space 2560K, 0% used [0x00000000ebd80000,0x00000000ebd80000,0x00000000ec000000)
 ParOldGen       total 44032K, used 377K [0x00000000c0000000, 0x00000000c2b00000, 0x00000000eab00000)
  object space 44032K, 0% used [0x00000000c0000000,0x00000000c005e7b8,0x00000000c2b00000)
 Metaspace       used 6064K, capacity 6242K, committed 6528K, reserved 1056768K
  class space    used 740K, capacity 811K, committed 896K, reserved 1048576K
}
Event: 7.623 GC heap before
{Heap before GC invocations=2 (full 0):
 PSYoungGen      total 18944K, used 18935K [0x00000000eab00000, 0x00000000ec000000, 0x0000000100000000)
  eden space 16384K, 100% used [0x00000000eab00000,0x00000000ebb00000,0x00000000ebb00000)
  from space 2560K, 99% used [0x00000000ebb00000,0x00000000ebd7dda0,0x00000000ebd80000)
  to   space 2560K, 0% used [0x00000000ebd80000,0x00000000ebd80000,0x00000000ec000000)
 ParOldGen       total 44032K, used 377K [0x00000000c0000000, 0x00000000c2b00000, 0x00000000eab00000)
  object space 44032K, 0% used [0x00000000c0000000,0x00000000c005e7b8,0x00000000c2b00000)
 Metaspace       used 6906K, capacity 7106K, committed 7424K, reserved 1056768K
  class space    used 841K, capacity 907K, committed 1024K, reserved 1048576K
Event: 7.629 GC heap after
Heap after GC invocations=2 (full 0):
 PSYoungGen      total 18944K, used 2532K [0x00000000eab00000, 0x00000000ec000000, 0x0000000100000000)
  eden space 16384K, 0% used [0x00000000eab00000,0x00000000eab00000,0x00000000ebb00000)
  from space 2560K, 98% used [0x00000000ebd80000,0x00000000ebff9138,0x00000000ec000000)
  to   space 2560K, 0% used [0x00000000ebb00000,0x00000000ebb00000,0x00000000ebd80000)
 ParOldGen       total 44032K, used 385K [0x00000000c0000000, 0x00000000c2b00000, 0x00000000eab00000)
  object space 44032K, 0% used [0x00000000c0000000,0x00000000c00607b8,0x00000000c2b00000)
 Metaspace       used 6906K, capacity 7106K, committed 7424K, reserved 1056768K
  class space    used 841K, capacity 907K, committed 1024K, reserved 1048576K
}
Event: 12.213 GC heap before
{Heap before GC invocations=3 (full 0):
 PSYoungGen      total 18944K, used 18916K [0x00000000eab00000, 0x00000000ec000000, 0x0000000100000000)
  eden space 16384K, 100% used [0x00000000eab00000,0x00000000ebb00000,0x00000000ebb00000)
  from space 2560K, 98% used [0x00000000ebd80000,0x00000000ebff9138,0x00000000ec000000)
  to   space 2560K, 0% used [0x00000000ebb00000,0x00000000ebb00000,0x00000000ebd80000)
 ParOldGen       total 44032K, used 385K [0x00000000c0000000, 0x00000000c2b00000, 0x00000000eab00000)
  object space 44032K, 0% used [0x00000000c0000000,0x00000000c00607b8,0x00000000c2b00000)
 Metaspace       used 7242K, capacity 7452K, committed 7680K, reserved 1056768K
  class space    used 911K, capacity 980K, committed 1024K, reserved 1048576K
Event: 12.223 GC heap after
Heap after GC invocations=3 (full 0):
 PSYoungGen      total 18944K, used 2544K [0x00000000eab00000, 0x00000000ec000000, 0x0000000100000000)
  eden space 16384K, 0% used [0x00000000eab00000,0x00000000eab00000,0x00000000ebb00000)
  from space 2560K, 99% used [0x00000000ebb00000,0x00000000ebd7c010,0x00000000ebd80000)
  to   space 2560K, 0% used [0x00000000ebd80000,0x00000000ebd80000,0x00000000ec000000)
 ParOldGen       total 44032K, used 693K [0x00000000c0000000, 0x00000000c2b00000, 0x00000000eab00000)
  object space 44032K, 1% used [0x00000000c0000000,0x00000000c00ad4d0,0x00000000c2b00000)
 Metaspace       used 7242K, capacity 7452K, committed 7680K, reserved 1056768K
  class space    used 911K, capacity 980K, committed 1024K, reserved 1048576K
}
Event: 18.029 GC heap before
{Heap before GC invocations=4 (full 0):
 PSYoungGen      total 18944K, used 18928K [0x00000000eab00000, 0x00000000ec000000, 0x0000000100000000)
  eden space 16384K, 100% used [0x00000000eab00000,0x00000000ebb00000,0x00000000ebb00000)
  from space 2560K, 99% used [0x00000000ebb00000,0x00000000ebd7c010,0x00000000ebd80000)
  to   space 2560K, 0% used [0x00000000ebd80000,0x00000000ebd80000,0x00000000ec000000)
 ParOldGen       total 44032K, used 693K [0x00000000c0000000, 0x00000000c2b00000, 0x00000000eab00000)
  object space 44032K, 1% used [0x00000000c0000000,0x00000000c00ad4d0,0x00000000c2b00000)
 Metaspace       used 11285K, capacity 11538K, committed 11904K, reserved 1058816K
  class space    used 1493K, capacity 1593K, committed 1664K, reserved 1048576K
Event: 18.041 GC heap after
Heap after GC invocations=4 (full 0):
 PSYoungGen      total 18944K, used 2544K [0x00000000eab00000, 0x00000000ec000000, 0x0000000100000000)
  eden space 16384K, 0% used [0x00000000eab00000,0x00000000eab00000,0x00000000ebb00000)
  from space 2560K, 99% used [0x00000000ebd80000,0x00000000ebffc010,0x00000000ec000000)
  to   space 2560K, 0% used [0x00000000ebb00000,0x00000000ebb00000,0x00000000ebd80000)
 ParOldGen       total 44032K, used 2940K [0x00000000c0000000, 0x00000000c2b00000, 0x00000000eab00000)
  object space 44032K, 6% used [0x00000000c0000000,0x00000000c02df180,0x00000000c2b00000)
 Metaspace       used 11285K, capacity 11538K, committed 11904K, reserved 1058816K
  class space    used 1493K, capacity 1593K, committed 1664K, reserved 1048576K
}
Event: 19.958 GC heap before
{Heap before GC invocations=5 (full 0):
 PSYoungGen      total 18944K, used 18928K [0x00000000eab00000, 0x00000000ec000000, 0x0000000100000000)
  eden space 16384K, 100% used [0x00000000eab00000,0x00000000ebb00000,0x00000000ebb00000)
  from space 2560K, 99% used [0x00000000ebd80000,0x00000000ebffc010,0x00000000ec000000)
  to   space 2560K, 0% used [0x00000000ebb00000,0x00000000ebb00000,0x00000000ebd80000)
 ParOldGen       total 44032K, used 2940K [0x00000000c0000000, 0x00000000c2b00000, 0x00000000eab00000)
  object space 44032K, 6% used [0x00000000c0000000,0x00000000c02df180,0x00000000c2b00000)
 Metaspace       used 13070K, capacity 13382K, committed 13440K, reserved 1060864K
  class space    used 1772K, capacity 1897K, committed 1920K, reserved 1048576K
Event: 19.969 GC heap after
Heap after GC invocations=5 (full 0):
 PSYoungGen      total 18944K, used 2528K [0x00000000eab00000, 0x00000000ec500000, 0x0000000100000000)
  eden space 16384K, 0% used [0x00000000eab00000,0x00000000eab00000,0x00000000ebb00000)
  from space 2560K, 98% used [0x00000000ebb00000,0x00000000ebd78040,0x00000000ebd80000)
  to   space 5120K, 0% used [0x00000000ec000000,0x00000000ec000000,0x00000000ec500000)
 ParOldGen       total 44032K, used 4803K [0x00000000c0000000, 0x00000000c2b00000, 0x00000000eab00000)
  object space 44032K, 10% used [0x00000000c0000000,0x00000000c04b0e28,0x00000000c2b00000)
 Metaspace       used 13070K, capacity 13382K, committed 13440K, reserved 1060864K
  class space    used 1772K, capacity 1897K, committed 1920K, reserved 1048576K
}

Deoptimization events (10 events):
Event: 12.771 Thread 0x0000000004aad800 Uncommon trap: reason=unstable_if action=reinterpret pc=0x0000000004e22678 method=java.util.HashMap.getNode(ILjava/lang/Object;)Ljava/util/HashMap$Node; @ 62
Event: 12.771 Thread 0x0000000004aad800 Uncommon trap: reason=bimorphic action=maybe_recompile pc=0x0000000004ed00c8 method=java.util.HashMap.putVal(ILjava/lang/Object;Ljava/lang/Object;ZZ)Ljava/lang/Object; @ 91
Event: 12.772 Thread 0x0000000004aad800 Uncommon trap: reason=bimorphic action=maybe_recompile pc=0x0000000004ed00c8 method=java.util.HashMap.putVal(ILjava/lang/Object;Ljava/lang/Object;ZZ)Ljava/lang/Object; @ 91
Event: 12.772 Thread 0x0000000004aad800 Uncommon trap: reason=bimorphic action=maybe_recompile pc=0x0000000004ed00c8 method=java.util.HashMap.putVal(ILjava/lang/Object;Ljava/lang/Object;ZZ)Ljava/lang/Object; @ 91
Event: 14.832 Thread 0x0000000004aad800 Uncommon trap: reason=unstable_if action=reinterpret pc=0x0000000004e6031c method=java.io.WinNTFileSystem.normalize(Ljava/lang/String;)Ljava/lang/String; @ 128
Event: 14.832 Thread 0x0000000004aad800 Uncommon trap: reason=unstable_if action=reinterpret pc=0x0000000004ebc624 method=java.io.WinNTFileSystem.normalize(Ljava/lang/String;II)Ljava/lang/String; @ 90
Event: 18.129 Thread 0x00000000170a9000 Uncommon trap: reason=unstable_if action=reinterpret pc=0x0000000004f584c4 method=java.util.concurrent.ConcurrentHashMap.putVal(Ljava/lang/Object;Ljava/lang/Object;Z)Ljava/lang/Object; @ 206
Event: 18.644 Thread 0x000000001948e800 Uncommon trap: reason=class_check action=maybe_recompile pc=0x0000000004e5b5dc method=java.util.regex.Matcher.match(II)Z @ 86
Event: 20.889 Thread 0x000000001948e800 Uncommon trap: reason=class_check action=maybe_recompile pc=0x0000000004e5b5dc method=java.util.regex.Matcher.match(II)Z @ 86
Event: 20.890 Thread 0x000000001948e800 Uncommon trap: reason=class_check action=maybe_recompile pc=0x0000000004e2ab0c method=java.util.regex.Matcher.match(II)Z @ 86

Classes redefined (0 events):
No events

Internal exceptions (10 events):
Event: 18.199 Thread 0x00000000170a9000 Exception <a 'java/lang/NoSuchMethodError': <clinit>> (0x00000000eac0d3a8) thrown at [D:\src\AOSP-openjdk-cygwin\jdk8u\hotspot\src\share\vm\prims\jni.cpp, line 1613]
Event: 18.220 Thread 0x00000000170a9000 Exception <a 'java/lang/NoSuchMethodError': <clinit>> (0x00000000eac24f08) thrown at [D:\src\AOSP-openjdk-cygwin\jdk8u\hotspot\src\share\vm\prims\jni.cpp, line 1613]
Event: 18.221 Thread 0x00000000170a9000 Exception <a 'java/lang/NoSuchMethodError': <clinit>> (0x00000000eac2d9d0) thrown at [D:\src\AOSP-openjdk-cygwin\jdk8u\hotspot\src\share\vm\prims\jni.cpp, line 1613]
Event: 18.239 Thread 0x00000000170a9000 Exception <a 'java/lang/NoSuchMethodError': <clinit>> (0x00000000eac3f078) thrown at [D:\src\AOSP-openjdk-cygwin\jdk8u\hotspot\src\share\vm\prims\jni.cpp, line 1613]
Event: 18.301 Thread 0x00000000170a9000 Exception <a 'java/lang/NoSuchMethodError': <clinit>> (0x00000000eacabd60) thrown at [D:\src\AOSP-openjdk-cygwin\jdk8u\hotspot\src\share\vm\prims\jni.cpp, line 1613]
Event: 18.309 Thread 0x00000000170a9000 Exception <a 'java/lang/NoSuchMethodError': <clinit>> (0x00000000eaccf6e8) thrown at [D:\src\AOSP-openjdk-cygwin\jdk8u\hotspot\src\share\vm\prims\jni.cpp, line 1613]
Event: 18.320 Thread 0x00000000170a9000 Exception <a 'java/lang/NoSuchMethodError': <clinit>> (0x00000000eacea638) thrown at [D:\src\AOSP-openjdk-cygwin\jdk8u\hotspot\src\share\vm\prims\jni.cpp, line 1613]
Event: 18.330 Thread 0x00000000170a9000 Exception <a 'java/lang/NoSuchMethodError': <clinit>> (0x00000000ead0c628) thrown at [D:\src\AOSP-openjdk-cygwin\jdk8u\hotspot\src\share\vm\prims\jni.cpp, line 1613]
Event: 18.372 Thread 0x000000001948e800 Exception <a 'java/lang/NoSuchMethodError': <clinit>> (0x00000000eadcfc98) thrown at [D:\src\AOSP-openjdk-cygwin\jdk8u\hotspot\src\share\vm\prims\jni.cpp, line 1613]
Event: 18.373 Thread 0x000000001948e800 Exception <a 'java/lang/NoSuchMethodError': <clinit>> (0x00000000eadd7f20) thrown at [D:\src\AOSP-openjdk-cygwin\jdk8u\hotspot\src\share\vm\prims\jni.cpp, line 1613]

Events (10 events):
Event: 21.039 loading class org/gradle/cache/internal/locklistener/DefaultFileLockContentionHandler$1 done
Event: 21.040 Thread 0x0000000018a22800 Thread added: 0x0000000018a22800
Event: 21.040 loading class org/gradle/cache/internal/locklistener/DefaultFileLockContentionHandler$ContendedAction
Event: 21.040 loading class org/gradle/cache/internal/locklistener/DefaultFileLockContentionHandler$ContendedAction done
Event: 21.041 loading class java/net/DatagramPacket$1
Event: 21.041 loading class java/net/DatagramPacket$1 done
Event: 21.042 Executing VM operation: RevokeBias
Event: 21.042 Executing VM operation: RevokeBias done
Event: 21.042 Executing VM operation: RevokeBias
Event: 21.042 Executing VM operation: RevokeBias done


Dynamic libraries:
0x00007ff79caf0000 - 0x00007ff79cb21000 	C:\Program Files\Android\Android Studio\jre\bin\java.exe
0x00007ff8df8e0000 - 0x00007ff8dfac0000 	C:\WINDOWS\SYSTEM32\ntdll.dll
0x00007ff8df220000 - 0x00007ff8df2ce000 	C:\WINDOWS\System32\KERNEL32.DLL
0x00007ff8dcb40000 - 0x00007ff8dcda6000 	C:\WINDOWS\System32\KERNELBASE.dll
0x00007ff8dd400000 - 0x00007ff8dd4a1000 	C:\WINDOWS\System32\ADVAPI32.dll
0x00007ff8dd830000 - 0x00007ff8dd8cd000 	C:\WINDOWS\System32\msvcrt.dll
0x00007ff8dd280000 - 0x00007ff8dd2db000 	C:\WINDOWS\System32\sechost.dll
0x00007ff8dd2e0000 - 0x00007ff8dd3ff000 	C:\WINDOWS\System32\RPCRT4.dll
0x00007ff8ddbd0000 - 0x00007ff8ddd5f000 	C:\WINDOWS\System32\USER32.dll
0x00007ff8dc800000 - 0x00007ff8dc820000 	C:\WINDOWS\System32\win32u.dll
0x00007ff8dd800000 - 0x00007ff8dd828000 	C:\WINDOWS\System32\GDI32.dll
0x00007ff8dc660000 - 0x00007ff8dc7f3000 	C:\WINDOWS\System32\gdi32full.dll
0x00007ff8dcaa0000 - 0x00007ff8dcb3b000 	C:\WINDOWS\System32\msvcp_win.dll
0x00007ff8dc9a0000 - 0x00007ff8dca96000 	C:\WINDOWS\System32\ucrtbase.dll
0x00007ff8cc940000 - 0x00007ff8ccba9000 	C:\WINDOWS\WinSxS\amd64_microsoft.windows.common-controls_6595b64144ccf1df_6.0.16299.214_none_15cad1489362ef88\COMCTL32.dll
0x00007ff8dcf60000 - 0x00007ff8dd268000 	C:\WINDOWS\System32\combase.dll
0x00007ff8dc820000 - 0x00007ff8dc892000 	C:\WINDOWS\System32\bcryptPrimitives.dll
0x00007ff8df7e0000 - 0x00007ff8df80d000 	C:\WINDOWS\System32\IMM32.DLL
0x0000000058620000 - 0x00000000586f2000 	C:\Program Files\Android\Android Studio\jre\jre\bin\msvcr100.dll
0x00000000587b0000 - 0x0000000058fef000 	C:\Program Files\Android\Android Studio\jre\jre\bin\server\jvm.dll
0x00007ff8dd8d0000 - 0x00007ff8dd8d8000 	C:\WINDOWS\System32\PSAPI.DLL
0x00007ff8d4be0000 - 0x00007ff8d4be9000 	C:\WINDOWS\SYSTEM32\WSOCK32.dll
0x00007ff8da060000 - 0x00007ff8da083000 	C:\WINDOWS\SYSTEM32\WINMM.dll
0x00007ff8df840000 - 0x00007ff8df8ac000 	C:\WINDOWS\System32\WS2_32.dll
0x00007ff8cfa40000 - 0x00007ff8cfa4a000 	C:\WINDOWS\SYSTEM32\VERSION.dll
0x00007ff8da000000 - 0x00007ff8da02a000 	C:\WINDOWS\SYSTEM32\WINMMBASE.dll
0x00007ff8dc950000 - 0x00007ff8dc99a000 	C:\WINDOWS\System32\cfgmgr32.dll
0x00007ff8d4720000 - 0x00007ff8d472f000 	C:\Program Files\Android\Android Studio\jre\jre\bin\verify.dll
0x00007ff8d0600000 - 0x00007ff8d0629000 	C:\Program Files\Android\Android Studio\jre\jre\bin\java.dll
0x00007ff8d05e0000 - 0x00007ff8d05f6000 	C:\Program Files\Android\Android Studio\jre\jre\bin\zip.dll
0x00007ff8ddd60000 - 0x00007ff8df196000 	C:\WINDOWS\System32\SHELL32.dll
0x00007ff8dce10000 - 0x00007ff8dceb6000 	C:\WINDOWS\System32\shcore.dll
0x00007ff8dbf10000 - 0x00007ff8dc657000 	C:\WINDOWS\System32\windows.storage.dll
0x00007ff8dcdb0000 - 0x00007ff8dce01000 	C:\WINDOWS\System32\shlwapi.dll
0x00007ff8dbc80000 - 0x00007ff8dbc91000 	C:\WINDOWS\System32\kernel.appcore.dll
0x00007ff8dbc30000 - 0x00007ff8dbc7c000 	C:\WINDOWS\System32\powrprof.dll
0x00007ff8dbcc0000 - 0x00007ff8dbcdb000 	C:\WINDOWS\System32\profapi.dll
0x00007ff8d04f0000 - 0x00007ff8d050a000 	C:\Program Files\Android\Android Studio\jre\jre\bin\net.dll
0x00007ff8db4c0000 - 0x00007ff8db526000 	C:\WINDOWS\system32\mswsock.dll
0x00007ff8c94f0000 - 0x00007ff8c9501000 	C:\Program Files\Android\Android Studio\jre\jre\bin\nio.dll
0x00007ff8c3e40000 - 0x00007ff8c3e5e000 	C:\Users\ghaya\.gradle\native\25\windows-amd64\native-platform.dll
0x00007ff8d3360000 - 0x00007ff8d336d000 	C:\Program Files\Android\Android Studio\jre\jre\bin\management.dll
0x00007ff8db680000 - 0x00007ff8db697000 	C:\WINDOWS\SYSTEM32\CRYPTSP.dll
0x00007ff8db0d0000 - 0x00007ff8db103000 	C:\WINDOWS\system32\rsaenh.dll
0x00007ff8db790000 - 0x00007ff8db7b5000 	C:\WINDOWS\SYSTEM32\bcrypt.dll
0x00007ff8dbb30000 - 0x00007ff8dbb59000 	C:\WINDOWS\SYSTEM32\USERENV.dll
0x00007ff8db6a0000 - 0x00007ff8db6ab000 	C:\WINDOWS\SYSTEM32\CRYPTBASE.dll
0x00007ff8db250000 - 0x00007ff8db289000 	C:\WINDOWS\SYSTEM32\IPHLPAPI.DLL
0x00007ff8dd270000 - 0x00007ff8dd278000 	C:\WINDOWS\System32\NSI.dll
0x00007ff8d5e60000 - 0x00007ff8d5e76000 	C:\WINDOWS\SYSTEM32\dhcpcsvc6.DLL
0x00007ff8d5e40000 - 0x00007ff8d5e5a000 	C:\WINDOWS\SYSTEM32\dhcpcsvc.DLL

VM Arguments:
jvm_args: -XX:+HeapDumpOnOutOfMemoryError -Xmx1024m -Dfile.encoding=windows-1252 -Duser.country=GB -Duser.language=en -Duser.variant 
java_command: org.gradle.launcher.daemon.bootstrap.GradleDaemon 4.4
java_class_path (initial): C:\Users\ghaya\.gradle\wrapper\dists\gradle-4.4-all\9br9xq1tocpiv8o6njlyu5op1\gradle-4.4\lib\gradle-launcher-4.4.jar
Launcher Type: SUN_STANDARD

Environment Variables:
PATH=C:\WINDOWS\system32;C:\WINDOWS;C:\WINDOWS\System32\Wbem;C:\WINDOWS\System32\WindowsPowerShell\v1.0\;C:\Users\ghaya\Downloads\g95\bin;C:\Users\ghaya\AppData\Local\Microsoft\WindowsApps;;C:\Program Files\Microsoft VS Code\bin
USERNAME=ghaya
OS=Windows_NT
PROCESSOR_IDENTIFIER=Intel64 Family 6 Model 15 Stepping 11, GenuineIntel



---------------  S Y S T E M  ---------------

OS: Windows 10.0 , 64 bit Build 16299 (10.0.16299.15)

CPU:total 2 (initial active 2) (2 cores per cpu, 1 threads per core) family 6 model 15 stepping 11, cmov, cx8, fxsr, mmx, sse, sse2, sse3, ssse3, tsc

Memory: 4k page, physical 4089456k(281980k free), swap 6251008k(2376k free)

vm_info: OpenJDK 64-Bit Server VM (25.152-b02) for windows-amd64 JRE (1.8.0_152-release-1024-b02), built by "builder" with MS VC++ 10.0 (VS2010)

time: Fri Apr 13 07:39:38 2018
elapsed time: 21 seconds (0d 0h 0m 21s)

